#
# A fatal error has been detected by the Java Runtime Environment:
#
#  SIGSEGV (0xb) at pc=0x00007f3d7679f794, pid=26206, tid=139901955274496
#
# JRE version: 6.0_24-b07
# Java VM: Java HotSpot(TM) 64-Bit Server VM (19.1-b02 mixed mode linux-amd64 compressed oops)
# Problematic frame:
# C  [libusb-0.1.so.4+0x2794]  usb_close+0x4
#
# If you would like to submit a bug report, please visit:
#   http://java.sun.com/webapps/bugreport/crash.jsp
#

---------------  T H R E A D  ---------------

Current thread is native thread

siginfo:si_signo=SIGSEGV: si_errno=0, si_code=1 (SEGV_MAPERR), si_addr=0x0000000000000000

Registers:
RAX=0x00000000000008f1, RBX=0x0000000000000000, RCX=0x00000000000209d0, RDX=0x00007f3d811d5ef8
RSP=0x00007f3d7658e8c0, RBP=0x0000000000000020, RSI=0x0000000000000000, RDI=0x0000000000000000
R8 =0x0000000041d3f9e0, R9 =0x000000000000666b, R10=0x00007f3d7658e650, R11=0x00007f3d7679f790
R12=0x0000000041e16b30, R13=0x0000000000000016, R14=0x0000000041c34a00, R15=0x00007f3d76c56040
RIP=0x00007f3d7679f794, EFL=0x0000000000010202, CSGSFS=0x0000000000000033, ERR=0x0000000000000004
  TRAPNO=0x000000000000000e

Register to memory mapping:

RAX=0x00000000000008f1
0x00000000000008f1 is pointing to unknown location

RBX=0x0000000000000000
0x0000000000000000 is pointing to unknown location

RCX=0x00000000000209d0
0x00000000000209d0 is pointing to unknown location

RDX=0x00007f3d811d5ef8
0x00007f3d811d5ef8: <offset 0x35cef8> in /lib/libc.so.6 at 0x00007f3d80e79000

RSP=0x00007f3d7658e8c0
0x00007f3d7658e8c0 is pointing to unknown location

RBP=0x0000000000000020
0x0000000000000020 is pointing to unknown location

RSI=0x0000000000000000
0x0000000000000000 is pointing to unknown location

RDI=0x0000000000000000
0x0000000000000000 is pointing to unknown location

R8 =0x0000000041d3f9e0
0x0000000041d3f9e0 is pointing to unknown location

R9 =0x000000000000666b
0x000000000000666b is pointing to unknown location

R10=0x00007f3d7658e650
0x00007f3d7658e650 is pointing to unknown location

R11=0x00007f3d7679f790
0x00007f3d7679f790: usb_close+0 in /usr/lib/libusb-0.1.so.4 at 0x00007f3d7679d000

R12=0x0000000041e16b30
0x0000000041e16b30 is pointing to unknown location

R13=0x0000000000000016
0x0000000000000016 is pointing to unknown location

R14=0x0000000041c34a00
0x0000000041c34a00 is pointing to unknown location

R15=0x00007f3d76c56040
0x00007f3d76c56040: Phid_Device_Def+0 in /usr/lib/libphidget21.so.0.0.0 at 0x00007f3d769a1000


Top of Stack: (sp=0x00007f3d7658e8c0)
0x00007f3d7658e8c0:   0000000000000016 00007f3d76a01c57
0x00007f3d7658e8d0:   0000000000000000 0000000000000000
0x00007f3d7658e8e0:   0000000000000000 00007f3d7658e910
0x00007f3d7658e8f0:   00007f3d7658ee88 00007f3d7658ed10
0x00007f3d7658e900:   0000000041c552c0 0000000041c552b0
0x00007f3d7658e910:   0000343030323030 0000000000000000
0x00007f3d7658e920:   0000000000000000 0000000000000000
0x00007f3d7658e930:   0000000000000000 0000000000000000
0x00007f3d7658e940:   0000000000000000 0000000000000000
0x00007f3d7658e950:   0000000000000000 0000000000000000
0x00007f3d7658e960:   0000000000000000 0000000000000000
0x00007f3d7658e970:   0000000000000000 0000000000000000
0x00007f3d7658e980:   0000000000000000 0000000000000000
0x00007f3d7658e990:   0000000000000000 0000000000000000
0x00007f3d7658e9a0:   0000000000000000 0000000000000000
0x00007f3d7658e9b0:   0000000000000000 0000000000000000
0x00007f3d7658e9c0:   0000000000000000 0000000000000000
0x00007f3d7658e9d0:   0000000000000000 0000000000000000
0x00007f3d7658e9e0:   0000000000000000 0000000000000000
0x00007f3d7658e9f0:   0000000000000000 0000000000000000
0x00007f3d7658ea00:   0000000000000000 0000000000000000
0x00007f3d7658ea10:   0000000000000000 0000000000000000
0x00007f3d7658ea20:   0000000000000000 0000000000000000
0x00007f3d7658ea30:   0000000000000000 0000000000000000
0x00007f3d7658ea40:   0000000000000000 0000000000000000
0x00007f3d7658ea50:   0000000000000000 0000000000000000
0x00007f3d7658ea60:   0000000000000000 0000000000000000
0x00007f3d7658ea70:   0000000000000000 0000000000000000
0x00007f3d7658ea80:   0000000000000000 0000000000000000
0x00007f3d7658ea90:   0000000000000000 0000000000000000
0x00007f3d7658eaa0:   0000000000000000 0000000000000000
0x00007f3d7658eab0:   0000000000000000 0000000000000000 

Instructions: (pc=0x00007f3d7679f794)
0x00007f3d7679f784:   10 31 db eb a0 0f 1f 80 00 00 00 00 53 48 89 fb
0x00007f3d7679f794:   48 8b 3f e8 9c eb ff ff 48 89 df e8 74 ec ff ff 

Stack: [0x00007f3d75d8f000,0x00007f3d76590000],  sp=0x00007f3d7658e8c0,  free space=8190k
Native frames: (J=compiled Java code, j=interpreted, Vv=VM code, C=native code)
C  [libusb-0.1.so.4+0x2794]  usb_close+0x4

[error occurred during error reporting (printing native stack), id 0xb]


---------------  P R O C E S S  ---------------

VM state:not at safepoint (normal execution)

VM Mutex/Monitor currently owned by a thread: None

Heap
 PSYoungGen      total 9408K, used 3680K [0x00000000f5800000, 0x00000000f6270000, 0x0000000100000000)
  eden space 8128K, 45% used [0x00000000f5800000,0x00000000f5b982d0,0x00000000f5ff0000)
  from space 1280K, 0% used [0x00000000f6130000,0x00000000f6130000,0x00000000f6270000)
  to   space 1280K, 0% used [0x00000000f5ff0000,0x00000000f5ff0000,0x00000000f6130000)
 PSOldGen        total 21504K, used 0K [0x00000000e0800000, 0x00000000e1d00000, 0x00000000f5800000)
  object space 21504K, 0% used [0x00000000e0800000,0x00000000e0800000,0x00000000e1d00000)
 PSPermGen       total 21248K, used 4449K [0x00000000db600000, 0x00000000dcac0000, 0x00000000e0800000)
  object space 21248K, 20% used [0x00000000db600000,0x00000000dba58478,0x00000000dcac0000)

Dynamic libraries:
40000000-40009000 r-xp 00000000 08:03 131424                             /opt/java/jre/bin/java
40108000-4010a000 rwxp 00008000 08:03 131424                             /opt/java/jre/bin/java
41b8a000-41ee2000 rwxp 00000000 00:00 0                                  [heap]
db600000-dcac0000 rwxp 00000000 00:00 0 
dcac0000-e0800000 rwxp 00000000 00:00 0 
e0800000-e1d00000 rwxp 00000000 00:00 0 
e1d00000-f5800000 rwxp 00000000 00:00 0 
f5800000-f6270000 rwxp 00000000 00:00 0 
f6270000-100000000 rwxp 00000000 00:00 0 
7f3d75d8f000-7f3d75d90000 ---p 00000000 00:00 0 
7f3d75d90000-7f3d76590000 rwxp 00000000 00:00 0 
7f3d76590000-7f3d7659d000 r-xp 00000000 08:03 399383                     /usr/lib/libusb-1.0.so.0.0.0
7f3d7659d000-7f3d7679c000 ---p 0000d000 08:03 399383                     /usr/lib/libusb-1.0.so.0.0.0
7f3d7679c000-7f3d7679d000 rwxp 0000c000 08:03 399383                     /usr/lib/libusb-1.0.so.0.0.0
7f3d7679d000-7f3d767a1000 r-xp 00000000 08:03 399386                     /usr/lib/libusb-0.1.so.4.4.4
7f3d767a1000-7f3d769a0000 ---p 00004000 08:03 399386                     /usr/lib/libusb-0.1.so.4.4.4
7f3d769a0000-7f3d769a1000 rwxp 00003000 08:03 399386                     /usr/lib/libusb-0.1.so.4.4.4
7f3d769a1000-7f3d76a56000 r-xp 00000000 08:03 391693                     /usr/lib/libphidget21.so.0.0.0
7f3d76a56000-7f3d76c56000 ---p 000b5000 08:03 391693                     /usr/lib/libphidget21.so.0.0.0
7f3d76c56000-7f3d76c59000 rwxp 000b5000 08:03 391693                     /usr/lib/libphidget21.so.0.0.0
7f3d76c59000-7f3d76c5a000 rwxp 00000000 00:00 0 
7f3d76c5a000-7f3d76c6d000 r-xp 00000000 08:03 391741                     /lib/libresolv-2.13.so
7f3d76c6d000-7f3d76e6d000 ---p 00013000 08:03 391741                     /lib/libresolv-2.13.so
7f3d76e6d000-7f3d76e6e000 r-xp 00013000 08:03 391741                     /lib/libresolv-2.13.so
7f3d76e6e000-7f3d76e6f000 rwxp 00014000 08:03 391741                     /lib/libresolv-2.13.so
7f3d76e6f000-7f3d76e71000 rwxp 00000000 00:00 0 
7f3d76e71000-7f3d76e76000 r-xp 00000000 08:03 391754                     /lib/libnss_dns-2.13.so
7f3d76e76000-7f3d77075000 ---p 00005000 08:03 391754                     /lib/libnss_dns-2.13.so
7f3d77075000-7f3d77076000 r-xp 00004000 08:03 391754                     /lib/libnss_dns-2.13.so
7f3d77076000-7f3d77077000 rwxp 00005000 08:03 391754                     /lib/libnss_dns-2.13.so
7f3d77093000-7f3d77096000 ---p 00000000 00:00 0 
7f3d77096000-7f3d77194000 rwxp 00000000 00:00 0 
7f3d77194000-7f3d771a7000 r-xp 00000000 08:03 131593                     /opt/java/jre/lib/amd64/libnet.so
7f3d771a7000-7f3d772a8000 ---p 00013000 08:03 131593                     /opt/java/jre/lib/amd64/libnet.so
7f3d772a8000-7f3d772ab000 rwxp 00014000 08:03 131593                     /opt/java/jre/lib/amd64/libnet.so
7f3d772ab000-7f3d772ac000 ---p 00000000 00:00 0 
7f3d772ac000-7f3d773ac000 rwxp 00000000 00:00 0 
7f3d773ac000-7f3d773af000 ---p 00000000 00:00 0 
7f3d773af000-7f3d774ad000 rwxp 00000000 00:00 0 
7f3d774ad000-7f3d774b0000 ---p 00000000 00:00 0 
7f3d774b0000-7f3d775ae000 rwxp 00000000 00:00 0 
7f3d775ae000-7f3d775b1000 ---p 00000000 00:00 0 
7f3d775b1000-7f3d776af000 rwxp 00000000 00:00 0 
7f3d776af000-7f3d776b2000 ---p 00000000 00:00 0 
7f3d776b2000-7f3d777b0000 rwxp 00000000 00:00 0 
7f3d777b0000-7f3d77963000 r-xp 00000000 08:03 428815                     /usr/lib/locale/locale-archive
7f3d77963000-7f3d77966000 ---p 00000000 00:00 0 
7f3d77966000-7f3d77a64000 rwxp 00000000 00:00 0 
7f3d77a64000-7f3d77a67000 ---p 00000000 00:00 0 
7f3d77a67000-7f3d77b65000 rwxp 00000000 00:00 0 
7f3d77b65000-7f3d77b66000 ---p 00000000 00:00 0 
7f3d77b66000-7f3d77e68000 rwxp 00000000 00:00 0 
7f3d77e68000-7f3d78000000 r-xs 03027000 08:03 131480                     /opt/java/jre/lib/rt.jar
7f3d78000000-7f3d781c7000 rwxp 00000000 00:00 0 
7f3d781c7000-7f3d7c000000 ---p 00000000 00:00 0 
7f3d7c00b000-7f3d7c168000 rwxp 00000000 00:00 0 
7f3d7c168000-7f3d7c169000 ---p 00000000 00:00 0 
7f3d7c169000-7f3d7c269000 rwxp 00000000 00:00 0 
7f3d7c269000-7f3d7c26a000 ---p 00000000 00:00 0 
7f3d7c26a000-7f3d7c375000 rwxp 00000000 00:00 0 
7f3d7c375000-7f3d7c393000 rwxp 00000000 00:00 0 
7f3d7c393000-7f3d7c39e000 rwxp 00000000 00:00 0 
7f3d7c39e000-7f3d7c43b000 rwxp 00000000 00:00 0 
7f3d7c43b000-7f3d7c446000 rwxp 00000000 00:00 0 
7f3d7c446000-7f3d7c464000 rwxp 00000000 00:00 0 
7f3d7c464000-7f3d7c46f000 rwxp 00000000 00:00 0 
7f3d7c46f000-7f3d7c50c000 rwxp 00000000 00:00 0 
7f3d7c50c000-7f3d7c512000 rwxp 00000000 00:00 0 
7f3d7c512000-7f3d7c560000 rwxp 00000000 00:00 0 
7f3d7c560000-7f3d7c7d1000 rwxp 00000000 00:00 0 
7f3d7c7d1000-7f3d7f561000 rwxp 00000000 00:00 0 
7f3d7f561000-7f3d7f56f000 r-xp 00000000 08:03 131605                     /opt/java/jre/lib/amd64/libzip.so
7f3d7f56f000-7f3d7f671000 ---p 0000e000 08:03 131605                     /opt/java/jre/lib/amd64/libzip.so
7f3d7f671000-7f3d7f674000 rwxp 00010000 08:03 131605                     /opt/java/jre/lib/amd64/libzip.so
7f3d7f674000-7f3d7f675000 rwxp 00000000 00:00 0 
7f3d7f675000-7f3d7f680000 r-xp 00000000 08:03 391743                     /lib/libnss_files-2.13.so
7f3d7f680000-7f3d7f880000 ---p 0000b000 08:03 391743                     /lib/libnss_files-2.13.so
7f3d7f880000-7f3d7f881000 r-xp 0000b000 08:03 391743                     /lib/libnss_files-2.13.so
7f3d7f881000-7f3d7f882000 rwxp 0000c000 08:03 391743                     /lib/libnss_files-2.13.so
7f3d7f882000-7f3d7f889000 r-xp 00000000 08:03 131620                     /opt/java/jre/lib/amd64/native_threads/libhpi.so
7f3d7f889000-7f3d7f98a000 ---p 00007000 08:03 131620                     /opt/java/jre/lib/amd64/native_threads/libhpi.so
7f3d7f98a000-7f3d7f98c000 rwxp 00008000 08:03 131620                     /opt/java/jre/lib/amd64/native_threads/libhpi.so
7f3d7f98c000-7f3d7f98d000 rwxp 00000000 00:00 0 
7f3d7f98d000-7f3d7f9a2000 r-xp 00000000 08:03 391732                     /lib/libnsl-2.13.so
7f3d7f9a2000-7f3d7fba1000 ---p 00015000 08:03 391732                     /lib/libnsl-2.13.so
7f3d7fba1000-7f3d7fba2000 r-xp 00014000 08:03 391732                     /lib/libnsl-2.13.so
7f3d7fba2000-7f3d7fba3000 rwxp 00015000 08:03 391732                     /lib/libnsl-2.13.so
7f3d7fba3000-7f3d7fba5000 rwxp 00000000 00:00 0 
7f3d7fba5000-7f3d7fbce000 r-xp 00000000 08:03 131609                     /opt/java/jre/lib/amd64/libjava.so
7f3d7fbce000-7f3d7fccd000 ---p 00029000 08:03 131609                     /opt/java/jre/lib/amd64/libjava.so
7f3d7fccd000-7f3d7fcd4000 rwxp 00028000 08:03 131609                     /opt/java/jre/lib/amd64/libjava.so
7f3d7fcd4000-7f3d7fce1000 r-xp 00000000 08:03 131573                     /opt/java/jre/lib/amd64/libverify.so
7f3d7fce1000-7f3d7fde0000 ---p 0000d000 08:03 131573                     /opt/java/jre/lib/amd64/libverify.so
7f3d7fde0000-7f3d7fde3000 rwxp 0000c000 08:03 131573                     /opt/java/jre/lib/amd64/libverify.so
7f3d7fde3000-7f3d7fdea000 r-xp 00000000 08:03 391764                     /lib/librt-2.13.so
7f3d7fdea000-7f3d7ffe9000 ---p 00007000 08:03 391764                     /lib/librt-2.13.so
7f3d7ffe9000-7f3d7ffea000 r-xp 00006000 08:03 391764                     /lib/librt-2.13.so
7f3d7ffea000-7f3d7ffeb000 rwxp 00007000 08:03 391764                     /lib/librt-2.13.so
7f3d7ffeb000-7f3d7ffee000 ---p 00000000 00:00 0 
7f3d7ffee000-7f3d800ec000 rwxp 00000000 00:00 0 
7f3d800ec000-7f3d8016d000 r-xp 00000000 08:03 391704                     /lib/libm-2.13.so
7f3d8016d000-7f3d8036d000 ---p 00081000 08:03 391704                     /lib/libm-2.13.so
7f3d8036d000-7f3d8036e000 r-xp 00081000 08:03 391704                     /lib/libm-2.13.so
7f3d8036e000-7f3d8036f000 rwxp 00082000 08:03 391704                     /lib/libm-2.13.so
7f3d8036f000-7f3d80bad000 r-xp 00000000 08:03 131623                     /opt/java/jre/lib/amd64/server/libjvm.so
7f3d80bad000-7f3d80cac000 ---p 0083e000 08:03 131623                     /opt/java/jre/lib/amd64/server/libjvm.so
7f3d80cac000-7f3d80e40000 rwxp 0083d000 08:03 131623                     /opt/java/jre/lib/amd64/server/libjvm.so
7f3d80e40000-7f3d80e79000 rwxp 00000000 00:00 0 
7f3d80e79000-7f3d80fd1000 r-xp 00000000 08:03 391705                     /lib/libc-2.13.so
7f3d80fd1000-7f3d811d0000 ---p 00158000 08:03 391705                     /lib/libc-2.13.so
7f3d811d0000-7f3d811d4000 r-xp 00157000 08:03 391705                     /lib/libc-2.13.so
7f3d811d4000-7f3d811d5000 rwxp 0015b000 08:03 391705                     /lib/libc-2.13.so
7f3d811d5000-7f3d811da000 rwxp 00000000 00:00 0 
7f3d811da000-7f3d811dc000 r-xp 00000000 08:03 391688                     /lib/libdl-2.13.so
7f3d811dc000-7f3d813dc000 ---p 00002000 08:03 391688                     /lib/libdl-2.13.so
7f3d813dc000-7f3d813dd000 r-xp 00002000 08:03 391688                     /lib/libdl-2.13.so
7f3d813dd000-7f3d813de000 rwxp 00003000 08:03 391688                     /lib/libdl-2.13.so
7f3d813de000-7f3d813f5000 r-xp 00000000 08:03 391703                     /lib/libpthread-2.13.so
7f3d813f5000-7f3d815f5000 ---p 00017000 08:03 391703                     /lib/libpthread-2.13.so
7f3d815f5000-7f3d815f6000 r-xp 00017000 08:03 391703                     /lib/libpthread-2.13.so
7f3d815f6000-7f3d815f7000 rwxp 00018000 08:03 391703                     /lib/libpthread-2.13.so
7f3d815f7000-7f3d815fb000 rwxp 00000000 00:00 0 
7f3d815fb000-7f3d81619000 r-xp 00000000 08:03 391736                     /lib/ld-2.13.so
7f3d8162d000-7f3d81637000 rwxp 00000000 00:00 0 
7f3d81637000-7f3d816ed000 rwxp 00000000 00:00 0 
7f3d816ed000-7f3d816f0000 rwxp 00000000 00:00 0 
7f3d816f0000-7f3d816f7000 r-xp 00000000 08:03 131618                     /opt/java/jre/lib/amd64/jli/libjli.so
7f3d816f7000-7f3d817f8000 ---p 00007000 08:03 131618                     /opt/java/jre/lib/amd64/jli/libjli.so
7f3d817f8000-7f3d817fa000 rwxp 00008000 08:03 131618                     /opt/java/jre/lib/amd64/jli/libjli.so
7f3d817fa000-7f3d817fb000 rwxp 00000000 00:00 0 
7f3d817fe000-7f3d81800000 r-xs 00012000 08:04 3932697                    /home/cj/workspace/libraries/apache-xmlrpc-3.1.3/lib/xmlrpc-server-3.1.3.jar
7f3d81800000-7f3d81804000 r-xs 00017000 08:04 3932696                    /home/cj/workspace/libraries/apache-xmlrpc-3.1.3/lib/xmlrpc-common-3.1.3.jar
7f3d81804000-7f3d81807000 r-xs 0000c000 08:04 3932695                    /home/cj/workspace/libraries/apache-xmlrpc-3.1.3/lib/xmlrpc-client-3.1.3.jar
7f3d81807000-7f3d81809000 r-xs 00007000 08:04 3932698                    /home/cj/workspace/libraries/apache-xmlrpc-3.1.3/lib/ws-commons-util-1.0.2.jar
7f3d81809000-7f3d8180a000 r-xs 0000c000 08:04 3932694                    /home/cj/workspace/libraries/apache-xmlrpc-3.1.3/lib/commons-logging-1.1.jar
7f3d8180a000-7f3d8180d000 r-xs 00011000 08:04 4065085                    /home/cj/workspace/libraries/phidget21.jar
7f3d8180d000-7f3d81815000 rwxs 00000000 08:03 929923                     /tmp/hsperfdata_cj/26206
7f3d81815000-7f3d81816000 rwxp 00000000 00:00 0 
7f3d81816000-7f3d81817000 r-xp 00000000 00:00 0 
7f3d81817000-7f3d81818000 rwxp 00000000 00:00 0 
7f3d81818000-7f3d81819000 r-xp 0001d000 08:03 391736                     /lib/ld-2.13.so
7f3d81819000-7f3d8181a000 rwxp 0001e000 08:03 391736                     /lib/ld-2.13.so
7f3d8181a000-7f3d8181b000 rwxp 00000000 00:00 0 
7fff0ac87000-7fff0aca8000 rwxp 00000000 00:00 0                          [stack]
7fff0adaa000-7fff0adab000 r-xp 00000000 00:00 0                          [vdso]
ffffffffff600000-ffffffffff601000 r-xp 00000000 00:00 0                  [vsyscall]

VM Arguments:
java_command: ActuatorRPCServer 8083
Launcher Type: SUN_STANDARD

Environment Variables:
JAVA_HOME=/opt/java
CLASSPATH=.:/home/cj/workspace/libraries/phidget21.jar:/home/cj/workspace/libraries/apache-xmlrpc-3.1.3/lib/commons-logging-1.1.jar:/home/cj/workspace/libraries/apache-xmlrpc-3.1.3/lib/ws-commons-util-1.0.2.jar:/home/cj/workspace/libraries/apache-xmlrpc-3.1.3/lib/xmlrpc-client-3.1.3.jar:/home/cj/workspace/libraries/apache-xmlrpc-3.1.3/lib/xmlrpc-common-3.1.3.jar:/home/cj/workspace/libraries/apache-xmlrpc-3.1.3/lib/xmlrpc-server-3.1.3.jar
PATH=/usr/local/bin:/usr/bin:/bin:/usr/local/sbin:/usr/sbin:/sbin:/opt/java/bin:/opt/java/db/bin:/opt/java/jre/bin:/usr/bin/core_perl
LD_LIBRARY_PATH=/opt/java/jre/lib/amd64/server:/opt/java/jre/lib/amd64:/opt/java/jre/../lib/amd64
SHELL=/bin/bash
DISPLAY=:0.0

Signal Handlers:
SIGSEGV: [libjvm.so+0x791b30], sa_mask[0]=0x7ffbfeff, sa_flags=0x10000004
SIGBUS: [libjvm.so+0x791b30], sa_mask[0]=0x7ffbfeff, sa_flags=0x10000004
SIGFPE: [libjvm.so+0x640ba0], sa_mask[0]=0x7ffbfeff, sa_flags=0x10000004
SIGPIPE: [libjvm.so+0x640ba0], sa_mask[0]=0x7ffbfeff, sa_flags=0x10000004
SIGXFSZ: [libjvm.so+0x640ba0], sa_mask[0]=0x7ffbfeff, sa_flags=0x10000004
SIGILL: [libjvm.so+0x640ba0], sa_mask[0]=0x7ffbfeff, sa_flags=0x10000004
SIGUSR1: SIG_DFL, sa_mask[0]=0x00000000, sa_flags=0x00000000
SIGUSR2: [libjvm.so+0x643780], sa_mask[0]=0x00000000, sa_flags=0x10000004
SIGHUP: [libjvm.so+0x643380], sa_mask[0]=0x7ffbfeff, sa_flags=0x10000004
SIGINT: [libjvm.so+0x643380], sa_mask[0]=0x7ffbfeff, sa_flags=0x10000004
SIGTERM: [libjvm.so+0x643380], sa_mask[0]=0x7ffbfeff, sa_flags=0x10000004
SIGQUIT: [libjvm.so+0x643380], sa_mask[0]=0x7ffbfeff, sa_flags=0x10000004


---------------  S Y S T E M  ---------------

OS:Linux
uname:Linux 2.6.37-ARCH #1 SMP PREEMPT Tue Mar 8 08:34:35 CET 2011 x86_64
libc:glibc 2.13 NPTL 2.13 
rlimit: STACK 8192k, CORE 0k, NPROC 16051, NOFILE 1024, AS infinity
load average:0.02 0.05 0.10

/proc/meminfo:
MemTotal:        2056876 kB
MemFree:          243680 kB
Buffers:          191760 kB
Cached:           389996 kB
SwapCached:         1312 kB
Active:          1105140 kB
Inactive:         451968 kB
Active(anon):     779708 kB
Inactive(anon):   202876 kB
Active(file):     325432 kB
Inactive(file):   249092 kB
Unevictable:           0 kB
Mlocked:               0 kB
SwapTotal:       2104508 kB
SwapFree:        2078424 kB
Dirty:                52 kB
Writeback:             0 kB
AnonPages:        974112 kB
Mapped:            80892 kB
Shmem:              7232 kB
Slab:             174464 kB
SReclaimable:     159952 kB
SUnreclaim:        14512 kB
KernelStack:        2696 kB
PageTables:        17176 kB
NFS_Unstable:          0 kB
Bounce:                0 kB
WritebackTmp:          0 kB
CommitLimit:     3132944 kB
Committed_AS:    1832952 kB
VmallocTotal:   34359738367 kB
VmallocUsed:      279956 kB
VmallocChunk:   34359445544 kB
HardwareCorrupted:     0 kB
HugePages_Total:       0
HugePages_Free:        0
HugePages_Rsvd:        0
HugePages_Surp:        0
Hugepagesize:       2048 kB
DirectMap4k:        4028 kB
DirectMap2M:     2093056 kB


CPU:total 2 (2 cores per cpu, 1 threads per core) family 15 model 6 stepping 4, cmov, cx8, fxsr, mmx, sse, sse2, sse3

Memory: 4k page, physical 2056876k(243680k free), swap 2104508k(2078424k free)

vm_info: Java HotSpot(TM) 64-Bit Server VM (19.1-b02) for linux-amd64 JRE (1.6.0_24-b07), built on Feb  2 2011 16:55:54 by "java_re" with gcc 3.2.2 (SuSE Linux)

time: Sat Apr 16 16:26:20 2011
elapsed time: 0 seconds

